# JRE version: OpenJDK Runtime Environment (8.0_242-b01) (build 1.8.0_242-release-1644-b01)
# Java VM: OpenJDK 64-Bit Server VM (25.242-b01 mixed mode windows-amd64 compressed oops)
Heap:
 PSYoungGen      total 255488K, used 207178K [0x00000000d5580000, 0x00000000e8800000, 0x0000000100000000)
  eden space 217600K, 92% used [0x00000000d5580000,0x00000000e1904cb8,0x00000000e2a00000)
  from space 37888K, 18% used [0x00000000e2a00000,0x00000000e30cdf18,0x00000000e4f00000)
  to   space 36352K, 0% used [0x00000000e6480000,0x00000000e6480000,0x00000000e8800000)
 ParOldGen       total 145408K, used 81831K [0x0000000080000000, 0x0000000088e00000, 0x00000000d5580000)
  object space 145408K, 56% used [0x0000000080000000,0x0000000084fe9e88,0x0000000088e00000)
 Metaspace       used 86242K, capacity 90278K, committed 90520K, reserved 1128448K
  class space    used 11557K, capacity 12348K, committed 12448K, reserved 1048576K
GC Heap History (10 events):
Event: 75.175 GC heap before
{Heap before GC invocations=37 (full 4):
 PSYoungGen      total 235008K, used 198546K [0x00000000d5580000, 0x00000000e6600000, 0x0000000100000000)
  eden space 194048K, 100% used [0x00000000d5580000,0x00000000e1300000,0x00000000e1300000)
  from space 40960K, 10% used [0x00000000e3e00000,0x00000000e4264960,0x00000000e6600000)
  to   space 42496K, 0% used [0x00000000e1300000,0x00000000e1300000,0x00000000e3c80000)
 ParOldGen       total 145408K, used 67616K [0x0000000080000000, 0x0000000088e00000, 0x00000000d5580000)
  object space 145408K, 46% used [0x0000000080000000,0x00000000842083f0,0x0000000088e00000)
 Metaspace       used 79575K, capacity 82830K, committed 83224K, reserved 1122304K
  class space    used 10528K, capacity 11164K, committed 11296K, reserved 1048576K
Event: 75.184 GC heap after
Heap after GC invocations=37 (full 4):
 PSYoungGen      total 236544K, used 6686K [0x00000000d5580000, 0x00000000e6600000, 0x0000000100000000)
  eden space 194048K, 0% used [0x00000000d5580000,0x00000000d5580000,0x00000000e1300000)
  from space 42496K, 15% used [0x00000000e1300000,0x00000000e1987a60,0x00000000e3c80000)
  to   space 40960K, 0% used [0x00000000e3e00000,0x00000000e3e00000,0x00000000e6600000)
 ParOldGen       total 145408K, used 71162K [0x0000000080000000, 0x0000000088e00000, 0x00000000d5580000)
  object space 145408K, 48% used [0x0000000080000000,0x000000008457e9b8,0x0000000088e00000)
 Metaspace       used 79575K, capacity 82830K, committed 83224K, reserved 1122304K
  class space    used 10528K, capacity 11164K, committed 11296K, reserved 1048576K
}
Event: 75.702 GC heap before
{Heap before GC invocations=38 (full 4):
 PSYoungGen      total 236544K, used 200734K [0x00000000d5580000, 0x00000000e6600000, 0x0000000100000000)
  eden space 194048K, 100% used [0x00000000d5580000,0x00000000e1300000,0x00000000e1300000)
  from space 42496K, 15% used [0x00000000e1300000,0x00000000e1987a60,0x00000000e3c80000)
  to   space 40960K, 0% used [0x00000000e3e00000,0x00000000e3e00000,0x00000000e6600000)
 ParOldGen       total 145408K, used 71162K [0x0000000080000000, 0x0000000088e00000, 0x00000000d5580000)
  object space 145408K, 48% used [0x0000000080000000,0x000000008457e9b8,0x0000000088e00000)
 Metaspace       used 79576K, capacity 82830K, committed 83224K, reserved 1122304K
  class space    used 10528K, capacity 11164K, committed 11296K, reserved 1048576K
Event: 75.709 GC heap after
Heap after GC invocations=38 (full 4):
 PSYoungGen      total 235008K, used 3714K [0x00000000d5580000, 0x00000000e6600000, 0x0000000100000000)
  eden space 194048K, 0% used [0x00000000d5580000,0x00000000d5580000,0x00000000e1300000)
  from space 40960K, 9% used [0x00000000e3e00000,0x00000000e41a09b0,0x00000000e6600000)
  to   space 42496K, 0% used [0x00000000e1300000,0x00000000e1300000,0x00000000e3c80000)
 ParOldGen       total 145408K, used 75350K [0x0000000080000000, 0x0000000088e00000, 0x00000000d5580000)
  object space 145408K, 51% used [0x0000000080000000,0x00000000849958f0,0x0000000088e00000)
 Metaspace       used 79576K, capacity 82830K, committed 83224K, reserved 1122304K
  class space    used 10528K, capacity 11164K, committed 11296K, reserved 1048576K
}
Event: 78.211 GC heap before
{Heap before GC invocations=39 (full 4):
 PSYoungGen      total 235008K, used 197762K [0x00000000d5580000, 0x00000000e6600000, 0x0000000100000000)
  eden space 194048K, 100% used [0x00000000d5580000,0x00000000e1300000,0x00000000e1300000)
  from space 40960K, 9% used [0x00000000e3e00000,0x00000000e41a09b0,0x00000000e6600000)
  to   space 42496K, 0% used [0x00000000e1300000,0x00000000e1300000,0x00000000e3c80000)
 ParOldGen       total 145408K, used 75350K [0x0000000080000000, 0x0000000088e00000, 0x00000000d5580000)
  object space 145408K, 51% used [0x0000000080000000,0x00000000849958f0,0x0000000088e00000)
 Metaspace       used 79874K, capacity 83218K, committed 83480K, reserved 1122304K
  class space    used 10558K, capacity 11212K, committed 11296K, reserved 1048576K
Event: 78.223 GC heap after
Heap after GC invocations=39 (full 4):
 PSYoungGen      total 236544K, used 9250K [0x00000000d5580000, 0x00000000e7780000, 0x0000000100000000)
  eden space 194048K, 0% used [0x00000000d5580000,0x00000000d5580000,0x00000000e1300000)
  from space 42496K, 21% used [0x00000000e1300000,0x00000000e1c08b58,0x00000000e3c80000)
  to   space 38400K, 0% used [0x00000000e5200000,0x00000000e5200000,0x00000000e7780000)
 ParOldGen       total 145408K, used 77859K [0x0000000080000000, 0x0000000088e00000, 0x00000000d5580000)
  object space 145408K, 53% used [0x0000000080000000,0x0000000084c08d98,0x0000000088e00000)
 Metaspace       used 79874K, capacity 83218K, committed 83480K, reserved 1122304K
  class space    used 10558K, capacity 11212K, committed 11296K, reserved 1048576K
}
Event: 79.443 GC heap before
{Heap before GC invocations=40 (full 4):
 PSYoungGen      total 236544K, used 203298K [0x00000000d5580000, 0x00000000e7780000, 0x0000000100000000)
  eden space 194048K, 100% used [0x00000000d5580000,0x00000000e1300000,0x00000000e1300000)
  from space 42496K, 21% used [0x00000000e1300000,0x00000000e1c08b58,0x00000000e3c80000)
  to   space 38400K, 0% used [0x00000000e5200000,0x00000000e5200000,0x00000000e7780000)
 ParOldGen       total 145408K, used 77859K [0x0000000080000000, 0x0000000088e00000, 0x00000000d5580000)
  object space 145408K, 53% used [0x0000000080000000,0x0000000084c08d98,0x0000000088e00000)
 Metaspace       used 79877K, capacity 83218K, committed 83480K, reserved 1122304K
  class space    used 10558K, capacity 11212K, committed 11296K, reserved 1048576K
Event: 79.453 GC heap after
Heap after GC invocations=40 (full 4):
 PSYoungGen      total 252416K, used 672K [0x00000000d5580000, 0x00000000e7400000, 0x0000000100000000)
  eden space 217600K, 0% used [0x00000000d5580000,0x00000000d5580000,0x00000000e2a00000)
  from space 34816K, 1% used [0x00000000e5200000,0x00000000e52a8168,0x00000000e7400000)
  to   space 37888K, 0% used [0x00000000e2a00000,0x00000000e2a00000,0x00000000e4f00000)
 ParOldGen       total 145408K, used 81639K [0x0000000080000000, 0x0000000088e00000, 0x00000000d5580000)
  object space 145408K, 56% used [0x0000000080000000,0x0000000084fb9e88,0x0000000088e00000)
 Metaspace       used 79877K, capacity 83218K, committed 83480K, reserved 1122304K
  class space    used 10558K, capacity 11212K, committed 11296K, reserved 1048576K
}
Event: 81.047 GC heap before
{Heap before GC invocations=41 (full 4):
 PSYoungGen      total 252416K, used 218272K [0x00000000d5580000, 0x00000000e7400000, 0x0000000100000000)
  eden space 217600K, 100% used [0x00000000d5580000,0x00000000e2a00000,0x00000000e2a00000)
  from space 34816K, 1% used [0x00000000e5200000,0x00000000e52a8168,0x00000000e7400000)
  to   space 37888K, 0% used [0x00000000e2a00000,0x00000000e2a00000,0x00000000e4f00000)
 ParOldGen       total 145408K, used 81639K [0x0000000080000000, 0x0000000088e00000, 0x00000000d5580000)
  object space 145408K, 56% used [0x0000000080000000,0x0000000084fb9e88,0x0000000088e00000)
 Metaspace       used 79887K, capacity 83218K, committed 83480K, reserved 1122304K
  class space    used 10558K, capacity 11212K, committed 11296K, reserved 1048576K
Event: 81.058 GC heap after
Heap after GC invocations=41 (full 4):
 PSYoungGen      total 255488K, used 6967K [0x00000000d5580000, 0x00000000e8800000, 0x0000000100000000)
  eden space 217600K, 0% used [0x00000000d5580000,0x00000000d5580000,0x00000000e2a00000)
  from space 37888K, 18% used [0x00000000e2a00000,0x00000000e30cdf18,0x00000000e4f00000)
  to   space 36352K, 0% used [0x00000000e6480000,0x00000000e6480000,0x00000000e8800000)
 ParOldGen       total 145408K, used 81831K [0x0000000080000000, 0x0000000088e00000, 0x00000000d5580000)
  object space 145408K, 56% used [0x0000000080000000,0x0000000084fe9e88,0x0000000088e00000)
 Metaspace       used 79887K, capacity 83218K, committed 83480K, reserved 1122304K
  class space    used 10558K, capacity 11212K, committed 11296K, reserved 1048576K
}

